SF:lib/core/controllers/download_controller.dart
DA:17,8
DA:33,3
DA:34,3
DA:37,3
DA:38,3
DA:39,0
DA:42,3
DA:43,3
DA:44,0
DA:45,0
DA:46,0
DA:54,0
DA:55,0
DA:56,0
DA:59,7
DA:60,7
DA:62,0
DA:63,0
DA:64,0
DA:65,0
DA:67,0
DA:68,0
DA:69,0
DA:70,0
DA:71,0
DA:73,0
DA:76,7
DA:77,7
DA:78,7
DA:81,3
DA:82,9
DA:83,3
DA:84,18
DA:85,15
DA:86,18
DA:87,18
DA:89,4
DA:90,4
DA:91,4
DA:92,7
DA:93,6
DA:94,9
DA:95,6
DA:97,9
DA:99,7
DA:100,3
DA:101,3
DA:102,4
DA:107,4
DA:112,12
DA:113,8
DA:115,8
DA:121,3
DA:122,3
DA:123,9
DA:124,0
DA:125,0
DA:126,0
DA:132,0
DA:133,0
DA:134,0
DA:135,0
DA:136,0
DA:140,0
DA:141,0
DA:142,0
DA:145,2
DA:150,2
DA:151,2
DA:152,2
DA:153,2
DA:156,2
DA:159,4
DA:160,4
DA:161,2
DA:162,10
DA:163,2
DA:166,3
DA:171,6
DA:172,3
DA:173,3
DA:174,3
DA:175,3
DA:178,3
DA:180,6
DA:182,6
DA:183,3
DA:184,3
DA:187,1
DA:193,1
DA:198,1
DA:199,1
DA:208,4
DA:209,4
DA:213,20
DA:214,12
DA:215,12
DA:216,8
DA:221,8
DA:222,2
DA:226,8
DA:227,1
DA:228,3
DA:229,2
DA:230,1
DA:231,2
DA:233,1
DA:234,2
DA:235,2
DA:236,1
DA:237,2
DA:242,8
DA:243,4
DA:246,0
DA:247,0
DA:249,0
DA:252,1
DA:253,2
DA:254,2
DA:255,1
DA:256,2
DA:259,3
DA:260,6
DA:261,6
DA:262,6
DA:263,3
DA:266,2
DA:267,2
DA:272,4
DA:273,2
DA:274,2
DA:277,2
DA:278,4
DA:279,4
DA:280,4
DA:281,2
DA:282,2
DA:285,2
DA:286,4
DA:287,1
DA:288,1
DA:291,1
DA:292,2
DA:293,1
DA:296,7
DA:297,7
DA:301,20
DA:302,18
DA:306,6
DA:307,12
DA:308,12
DA:309,0
DA:310,0
DA:311,0
DA:314,18
DA:316,12
DA:317,6
DA:318,12
DA:320,12
DA:321,6
DA:324,0
DA:325,0
DA:326,0
DA:327,0
DA:330,0
DA:331,0
DA:332,0
DA:334,0
DA:339,2
DA:340,6
DA:341,4
DA:342,6
DA:343,6
DA:344,8
DA:345,0
DA:347,2
DA:348,5
DA:349,4
DA:350,6
DA:353,6
DA:355,6
DA:356,12
DA:357,18
DA:358,6
DA:361,2
DA:362,6
DA:363,4
DA:371,5
DA:372,10
DA:373,15
DA:378,3
LF:191
LH:148
end_of_record
SF:lib/core/controllers/post_process_controller.dart
DA:11,7
DA:33,0
DA:35,15
DA:36,18
DA:37,3
DA:38,0
DA:39,3
DA:40,18
DA:42,8
DA:43,4
DA:44,4
DA:45,4
DA:46,4
DA:47,4
DA:50,4
DA:51,4
DA:54,3
DA:55,6
DA:56,3
DA:58,6
DA:59,3
DA:61,6
DA:62,3
DA:65,3
DA:66,6
DA:67,3
DA:69,3
DA:70,3
DA:71,6
DA:72,3
DA:73,3
DA:74,3
DA:77,4
DA:78,4
DA:81,4
DA:84,4
DA:85,8
DA:89,4
DA:90,8
DA:91,4
DA:92,4
DA:97,4
DA:100,8
DA:104,8
DA:105,4
DA:106,4
DA:107,4
DA:110,3
DA:111,3
DA:113,3
DA:114,3
DA:115,9
DA:116,6
DA:117,3
DA:118,3
DA:119,3
DA:121,2
DA:122,0
DA:123,0
DA:124,0
DA:126,2
DA:127,0
DA:128,0
DA:129,0
DA:131,2
DA:132,2
DA:134,0
DA:135,0
DA:139,3
DA:140,6
DA:143,1
DA:144,2
DA:145,1
DA:146,2
DA:147,3
DA:148,1
DA:149,1
DA:150,1
DA:153,1
DA:154,2
DA:155,0
DA:157,0
DA:163,0
DA:164,0
DA:165,0
DA:168,7
DA:169,7
DA:171,18
DA:172,12
DA:173,12
DA:174,8
DA:176,8
DA:177,4
DA:182,7
DA:183,22
DA:184,8
DA:185,12
DA:189,3
DA:193,9
DA:194,9
DA:195,3
DA:196,3
DA:199,2
DA:200,8
DA:201,10
DA:202,2
DA:203,2
DA:209,1
DA:210,4
DA:211,1
DA:214,1
DA:215,1
DA:219,1
DA:220,1
DA:222,1
DA:223,1
DA:227,3
DA:228,12
DA:229,3
DA:230,3
DA:233,4
DA:234,11
DA:237,7
DA:238,7
DA:239,7
DA:242,2
DA:243,2
DA:245,4
DA:246,4
DA:247,6
DA:248,2
DA:249,2
DA:250,2
DA:251,2
DA:252,2
DA:253,2
DA:254,6
DA:255,6
DA:256,4
DA:257,2
DA:258,2
DA:260,0
DA:263,2
DA:268,4
DA:269,6
DA:271,2
DA:272,6
DA:276,4
DA:277,2
DA:282,2
DA:285,3
DA:286,3
DA:288,0
DA:291,0
DA:293,0
DA:295,0
DA:296,0
DA:297,0
DA:298,0
DA:299,0
DA:300,0
DA:301,0
DA:302,0
DA:303,0
DA:304,0
DA:307,0
DA:309,0
DA:311,0
DA:312,0
DA:313,0
DA:315,0
DA:320,3
DA:321,6
DA:322,6
DA:323,0
DA:325,9
DA:326,3
DA:328,0
DA:331,7
DA:332,7
DA:334,15
DA:335,3
DA:336,15
DA:340,7
DA:342,7
DA:343,14
DA:344,21
DA:345,7
DA:350,1
DA:354,0
DA:355,0
LF:191
LH:152
end_of_record
SF:lib/l10n/app_localizations.dart
DA:65,15
DA:66,30
DA:70,9
DA:71,9
DA:1616,3
DA:1618,10
DA:1620,20
DA:1623,10
DA:1625,30
DA:1627,0
DA:1631,15
DA:1633,15
DA:1634,15
DA:1635,15
DA:1636,1
DA:1637,1
DA:1640,0
LF:17
LH:15
end_of_record
SF:lib/core/models/app_models.dart
DA:26,5
DA:44,1
DA:45,0
DA:47,1
DA:48,1
DA:55,1
DA:56,0
DA:64,1
DA:65,0
DA:72,1
DA:73,1
DA:80,1
DA:81,0
DA:88,1
DA:89,1
DA:97,1
DA:98,0
DA:105,1
DA:106,1
DA:116,1
DA:125,1
DA:126,1
DA:127,1
DA:128,1
DA:129,1
DA:130,1
DA:131,2
DA:132,1
DA:133,1
DA:136,4
DA:137,4
DA:138,20
DA:139,4
DA:140,20
DA:141,8
DA:142,8
DA:143,8
DA:144,4
DA:148,4
DA:150,2
DA:151,2
DA:152,2
DA:153,4
DA:154,2
DA:155,2
DA:156,2
DA:157,2
DA:159,2
DA:160,4
DA:165,2
DA:166,2
DA:167,2
DA:168,4
DA:169,2
DA:170,2
DA:171,2
DA:172,2
DA:173,2
DA:174,2
DA:177,2
DA:178,2
DA:179,4
DA:180,2
DA:181,8
DA:182,0
DA:183,0
DA:184,0
DA:185,0
DA:193,4
DA:194,4
DA:195,4
DA:212,17
DA:249,9
DA:251,18
DA:252,0
DA:254,9
DA:255,9
DA:281,8
DA:283,13
DA:284,5
DA:286,15
DA:291,5
DA:292,5
DA:293,5
DA:296,0
DA:297,0
DA:300,0
DA:301,0
DA:302,0
DA:303,0
DA:306,8
DA:330,8
DA:331,8
DA:332,8
DA:333,8
DA:334,8
DA:336,8
DA:337,8
DA:338,8
DA:339,8
DA:340,8
DA:341,8
DA:343,8
DA:344,8
DA:345,6
DA:347,8
DA:348,7
DA:350,8
DA:351,7
DA:353,8
DA:354,7
DA:356,8
DA:357,7
DA:359,8
DA:360,7
DA:362,8
DA:363,8
DA:365,8
DA:366,8
DA:368,8
DA:369,8
DA:371,8
DA:372,8
DA:374,8
DA:375,8
DA:378,12
DA:379,36
DA:380,9
DA:381,24
DA:382,36
DA:383,2
DA:384,24
DA:385,24
DA:386,24
DA:387,12
DA:388,12
DA:390,24
DA:391,24
DA:392,24
DA:393,12
DA:394,12
DA:399,12
DA:400,12
DA:403,12
DA:408,12
DA:410,12
DA:411,36
DA:413,36
DA:414,12
DA:415,12
DA:416,12
DA:417,12
DA:418,12
DA:423,4
DA:424,4
DA:425,4
DA:428,12
DA:429,12
DA:430,12
DA:434,12
DA:435,9
DA:436,9
DA:439,4
DA:440,4
DA:441,4
DA:442,8
DA:443,4
DA:444,4
DA:445,4
DA:446,4
DA:447,4
DA:448,4
DA:449,8
DA:450,8
DA:451,8
DA:453,8
DA:454,8
DA:455,4
DA:456,4
DA:458,4
DA:459,2
DA:461,4
DA:462,2
DA:464,4
DA:465,2
DA:467,4
DA:468,4
DA:470,8
DA:471,4
DA:472,6
DA:473,2
DA:475,4
DA:476,0
DA:478,12
DA:482,3
DA:483,3
DA:484,3
DA:485,3
DA:489,3
DA:490,3
DA:491,4
DA:495,3
DA:496,3
DA:498,3
DA:499,6
DA:501,6
DA:502,6
DA:503,3
DA:505,2
DA:506,2
DA:507,2
DA:508,4
DA:510,2
DA:512,3
DA:513,6
DA:514,1
DA:517,0
DA:520,3
DA:522,4
DA:523,6
DA:525,7
DA:527,4
DA:529,6
DA:530,1
DA:532,7
DA:534,7
DA:536,7
DA:537,7
DA:539,3
DA:540,3
DA:542,3
DA:543,3
DA:546,3
DA:547,3
DA:548,3
DA:550,3
DA:551,6
DA:552,2
DA:553,4
DA:556,3
DA:559,3
DA:560,3
DA:561,1
DA:562,1
DA:564,1
DA:570,3
DA:571,3
DA:572,3
DA:574,3
DA:582,12
DA:588,12
DA:590,16
DA:591,4
DA:592,8
DA:593,8
DA:596,8
DA:597,4
DA:599,12
DA:603,3
DA:604,3
DA:611,3
DA:614,12
DA:617,12
DA:621,12
DA:622,12
DA:624,16
DA:627,6
DA:630,12
DA:634,12
DA:635,8
DA:636,8
DA:638,0
DA:641,3
DA:642,3
DA:643,3
DA:644,9
DA:645,2
DA:648,1
DA:651,3
DA:652,3
DA:653,3
DA:654,9
DA:655,2
DA:658,0
DA:661,12
DA:662,4
DA:663,4
DA:666,3
DA:667,3
DA:668,3
DA:669,9
DA:670,2
DA:673,1
DA:680,3
DA:702,0
DA:703,0
DA:704,0
DA:705,0
DA:706,0
DA:707,0
DA:708,0
DA:709,0
DA:710,0
DA:711,0
DA:714,0
DA:715,0
DA:716,0
DA:717,0
DA:718,0
DA:719,0
DA:720,0
DA:722,0
DA:723,0
DA:724,0
DA:727,0
DA:728,0
DA:729,0
DA:730,0
DA:736,3
DA:750,0
DA:751,0
DA:753,0
DA:760,0
DA:761,0
DA:762,0
DA:763,0
DA:764,0
DA:765,0
DA:767,0
DA:771,4
DA:772,4
DA:773,4
DA:774,4
DA:775,2
DA:776,4
DA:779,2
DA:780,2
DA:781,2
DA:782,2
DA:783,2
DA:784,2
DA:785,0
DA:786,2
DA:794,16
DA:805,16
DA:818,10
DA:826,10
DA:827,10
DA:828,10
DA:829,10
DA:830,1
DA:831,10
DA:832,10
DA:833,10
DA:834,10
DA:836,20
DA:837,20
DA:838,10
DA:839,10
DA:844,4
DA:845,4
DA:846,4
DA:847,4
DA:848,6
DA:849,4
DA:850,8
DA:851,2
DA:852,2
DA:853,2
DA:854,2
DA:857,2
DA:859,2
DA:860,2
DA:861,2
DA:862,2
DA:864,2
DA:865,2
DA:866,2
DA:867,2
DA:868,2
DA:870,2
DA:871,6
DA:872,0
DA:875,4
DA:877,2
DA:878,2
DA:879,2
DA:880,2
DA:890,3
DA:898,3
DA:908,4
DA:909,4
DA:910,4
DA:911,4
DA:912,4
DA:913,4
DA:914,4
DA:915,2
DA:918,2
DA:919,2
DA:920,2
DA:921,2
DA:922,4
DA:923,2
DA:924,4
DA:926,2
DA:927,2
DA:928,6
DA:929,2
DA:931,2
DA:937,3
DA:944,3
DA:953,4
DA:954,2
DA:955,2
DA:956,2
DA:957,2
DA:958,2
DA:959,2
DA:962,2
DA:963,2
DA:964,2
DA:965,2
DA:966,4
DA:967,4
DA:968,2
DA:970,6
DA:977,7
DA:996,7
DA:997,7
DA:998,7
DA:999,7
DA:1000,7
DA:1021,6
DA:1022,6
DA:1024,4
DA:1029,4
DA:1030,4
DA:1031,4
DA:1032,4
DA:1033,4
DA:1034,4
DA:1035,4
DA:1036,4
DA:1037,0
DA:1039,4
DA:1040,0
DA:1042,4
DA:1043,4
DA:1044,4
DA:1045,4
DA:1046,4
DA:1047,4
DA:1048,4
DA:1049,4
DA:1050,4
DA:1051,4
DA:1053,4
DA:1057,6
DA:1058,6
DA:1059,6
DA:1060,6
DA:1061,6
DA:1062,6
DA:1063,6
DA:1064,7
DA:1065,7
DA:1066,6
DA:1067,6
DA:1068,6
DA:1069,6
DA:1070,6
DA:1071,6
DA:1072,16
DA:1073,16
DA:1074,3
DA:1075,9
DA:1078,2
DA:1079,2
DA:1080,2
DA:1081,2
DA:1082,2
DA:1083,2
DA:1084,2
DA:1085,4
DA:1086,4
DA:1087,4
DA:1088,4
DA:1089,2
DA:1090,2
DA:1092,6
DA:1095,6
DA:1097,4
DA:1098,2
DA:1100,2
DA:1101,2
DA:1102,2
DA:1103,2
DA:1106,2
DA:1107,2
DA:1108,2
DA:1109,2
DA:1111,2
DA:1112,2
DA:1118,7
DA:1130,7
DA:1131,7
DA:1145,6
DA:1152,6
DA:1153,6
DA:1154,6
DA:1155,6
DA:1156,6
DA:1157,0
DA:1158,5
DA:1159,6
DA:1160,6
DA:1161,6
DA:1162,6
DA:1164,6
DA:1165,6
DA:1167,6
DA:1168,6
DA:1173,2
DA:1174,2
DA:1175,2
DA:1176,2
DA:1177,3
DA:1178,3
DA:1179,2
DA:1180,2
DA:1181,2
DA:1182,2
DA:1183,4
DA:1184,1
DA:1187,1
DA:1188,1
DA:1189,1
DA:1191,3
DA:1194,1
DA:1195,1
DA:1196,1
DA:1197,1
DA:1200,1
DA:1201,1
DA:1202,1
DA:1203,1
DA:1205,1
DA:1206,3
DA:1207,0
DA:1211,1
DA:1212,3
DA:1213,0
DA:1216,2
DA:1217,1
DA:1218,1
DA:1221,1
DA:1231,5
DA:1249,1
DA:1257,1
DA:1258,0
DA:1259,0
DA:1260,1
DA:1261,1
DA:1262,1
DA:1263,1
DA:1267,8
DA:1268,4
DA:1269,4
DA:1270,4
DA:1271,4
DA:1272,4
DA:1273,4
DA:1276,2
DA:1277,2
DA:1278,2
DA:1279,1
DA:1280,1
DA:1284,2
DA:1285,2
DA:1286,1
DA:1287,1
DA:1291,2
DA:1292,3
DA:1294,5
DA:1296,5
DA:1298,5
DA:1300,5
DA:1302,5
DA:1308,1
DA:1323,1
DA:1340,1
DA:1355,1
DA:1356,1
DA:1357,1
DA:1358,1
DA:1360,2
DA:1361,1
DA:1362,1
DA:1363,1
DA:1364,1
DA:1365,1
DA:1366,0
DA:1367,1
DA:1368,1
DA:1369,0
DA:1371,1
DA:1375,2
DA:1376,2
DA:1377,2
DA:1378,2
DA:1379,3
DA:1380,2
DA:1381,2
DA:1382,2
DA:1383,2
DA:1384,2
DA:1385,3
DA:1386,2
DA:1387,1
DA:1388,3
DA:1389,1
DA:1392,1
DA:1393,1
DA:1394,1
DA:1395,1
DA:1396,1
DA:1397,1
DA:1398,1
DA:1399,1
DA:1400,2
DA:1401,2
DA:1402,2
DA:1403,2
DA:1405,1
DA:1406,3
DA:1407,0
DA:1410,2
DA:1411,1
DA:1412,1
DA:1413,2
DA:1414,1
DA:1415,1
DA:1416,0
LF:644
LH:577
end_of_record
SF:lib/core/services/download_scheduler.dart
DA:4,9
DA:14,6
DA:16,24
DA:18,6
DA:20,21
DA:22,21
DA:24,21
DA:26,12
DA:27,6
DA:28,6
DA:29,6
DA:30,6
DA:31,6
DA:32,6
DA:35,8
DA:36,16
DA:37,24
DA:40,2
DA:41,4
DA:42,2
DA:46,8
DA:47,48
DA:48,16
DA:49,24
DA:53,4
DA:54,8
DA:55,8
DA:56,4
DA:58,4
DA:61,4
DA:62,8
DA:63,12
DA:64,4
DA:67,3
DA:68,6
DA:69,12
DA:70,9
DA:74,3
DA:77,4
DA:78,4
DA:79,12
DA:80,4
DA:83,4
DA:84,4
DA:85,8
DA:86,4
DA:88,4
DA:91,1
DA:92,2
DA:93,1
DA:94,1
DA:95,2
DA:96,1
DA:97,0
DA:98,1
DA:99,2
DA:106,1
DA:107,2
DA:108,2
DA:109,5
DA:112,3
DA:113,6
DA:114,4
DA:116,2
DA:118,2
DA:121,4
DA:122,4
DA:123,4
DA:124,4
DA:125,4
DA:126,4
DA:127,4
DA:128,4
DA:129,4
DA:130,20
DA:131,4
DA:132,4
DA:137,0
DA:140,8
DA:141,16
DA:142,8
DA:143,8
DA:144,1
DA:145,4
DA:149,8
DA:150,8
DA:151,8
DA:152,8
DA:153,8
DA:154,8
DA:155,8
DA:156,8
DA:157,8
DA:158,20
DA:159,2
DA:164,4
DA:165,20
DA:166,16
DA:167,4
DA:168,4
DA:172,0
DA:175,5
DA:176,20
DA:177,5
DA:178,2
DA:181,5
DA:186,2
DA:190,0
DA:191,0
LF:109
LH:104
end_of_record
SF:lib/core/services/task_repository.dart
DA:5,4
DA:6,8
DA:14,1
DA:15,3
DA:16,3
DA:17,3
DA:18,2
DA:19,2
DA:23,4
DA:24,8
DA:31,1
DA:32,3
DA:33,3
DA:34,3
DA:35,2
DA:36,2
LF:16
LH:16
end_of_record
SF:lib/l10n/app_localizations_current.dart
DA:5,8
DA:6,8
DA:7,16
LF:3
LH:3
end_of_record
SF:lib/core/services/log_service.dart
DA:6,10
DA:20,10
DA:22,30
DA:24,20
DA:30,2
DA:32,3
DA:34,1
DA:35,1
DA:36,1
DA:39,10
DA:40,40
DA:42,20
DA:43,10
DA:44,10
DA:51,30
DA:52,0
DA:54,10
DA:57,7
DA:58,7
DA:60,8
DA:61,8
DA:63,2
DA:64,2
DA:66,3
DA:67,3
DA:69,1
DA:70,2
DA:71,1
LF:28
LH:27
end_of_record
SF:lib/core/services/notification_service.dart
DA:6,9
DA:8,6
DA:10,3
DA:14,1
DA:16,2
DA:17,3
DA:20,3
DA:21,3
DA:22,0
DA:23,0
DA:26,0
DA:31,2
DA:35,2
DA:36,0
DA:37,0
DA:40,0
DA:41,0
LF:17
LH:10
end_of_record
SF:lib/shared/utils/platform_utils.dart
DA:3,1
DA:4,1
DA:5,1
DA:6,1
DA:8,1
DA:9,2
DA:10,0
DA:11,0
DA:12,0
DA:13,0
LF:10
LH:6
end_of_record
SF:lib/core/services/auto_clip_service.dart
DA:10,1
DA:14,1
DA:15,1
DA:27,0
DA:31,1
DA:37,4
DA:41,6
DA:42,1
DA:44,1
DA:47,5
DA:48,3
DA:49,4
DA:53,1
DA:54,2
DA:55,5
DA:56,1
DA:57,1
DA:58,4
DA:60,3
DA:61,2
DA:62,0
DA:65,1
DA:66,2
DA:67,1
DA:68,1
DA:69,1
DA:70,1
DA:73,1
DA:76,1
DA:77,2
DA:81,2
DA:84,2
DA:85,3
DA:86,2
DA:87,0
DA:92,1
DA:93,1
DA:100,1
DA:101,2
DA:102,2
DA:104,1
DA:105,0
DA:106,0
DA:110,0
DA:111,0
DA:115,0
DA:117,2
DA:118,1
DA:120,1
DA:122,1
DA:123,1
DA:125,1
DA:127,0
DA:130,0
DA:131,0
DA:133,0
DA:135,0
DA:136,0
DA:138,0
DA:140,0
DA:148,0
DA:153,0
DA:154,0
DA:155,0
DA:156,0
DA:157,0
DA:160,0
DA:161,0
DA:162,0
DA:163,0
DA:164,0
DA:165,0
DA:168,0
DA:171,0
DA:172,0
DA:174,0
DA:175,0
DA:178,0
DA:179,0
DA:184,0
DA:185,0
DA:186,0
DA:188,0
DA:189,0
DA:190,0
DA:194,0
DA:195,0
DA:200,0
DA:201,0
DA:203,0
DA:205,0
DA:206,0
DA:208,0
DA:212,0
DA:213,0
DA:215,0
DA:217,0
DA:218,0
DA:220,0
DA:228,0
DA:229,0
DA:234,0
DA:242,0
DA:244,0
DA:246,0
DA:249,1
DA:255,5
DA:256,1
DA:257,5
DA:264,1
DA:265,3
DA:266,1
DA:267,2
DA:268,2
DA:269,2
DA:270,2
DA:273,1
DA:278,1
DA:279,2
DA:282,1
DA:283,2
DA:284,2
DA:287,2
DA:288,2
DA:290,1
DA:292,1
DA:293,1
DA:302,1
DA:303,2
LF:129
LH:68
end_of_record
SF:lib/core/services/post_process_repository.dart
DA:5,3
DA:6,6
DA:12,3
DA:13,9
DA:14,9
DA:15,3
DA:16,0
DA:20,3
DA:21,6
DA:28,3
DA:29,9
DA:30,9
DA:31,9
DA:32,3
DA:33,0
DA:37,1
DA:41,2
DA:47,3
DA:48,6
DA:51,1
DA:52,2
DA:55,1
DA:60,2
LF:23
LH:21
end_of_record
SF:lib/core/services/clip_record_repository.dart
DA:7,2
DA:11,0
DA:12,0
DA:13,0
DA:14,0
DA:15,0
DA:16,0
DA:17,0
DA:18,0
DA:19,0
DA:20,0
DA:21,0
DA:22,0
DA:23,0
DA:24,0
DA:25,0
DA:26,0
DA:27,0
DA:28,0
DA:32,1
DA:33,2
DA:34,1
DA:35,2
DA:36,2
DA:37,1
DA:38,1
DA:39,1
DA:40,1
DA:41,1
DA:42,1
DA:43,1
DA:44,1
DA:45,1
DA:46,2
DA:47,1
DA:48,1
DA:49,2
DA:50,1
DA:51,2
DA:54,1
DA:57,0
DA:58,0
DA:59,0
DA:62,0
DA:65,0
DA:68,0
DA:69,0
DA:70,0
DA:74,0
DA:77,1
DA:84,2
DA:85,1
DA:86,1
DA:88,0
DA:89,1
DA:90,0
DA:92,1
DA:93,0
DA:94,0
DA:97,1
DA:101,1
DA:105,0
DA:106,0
DA:107,0
DA:110,0
DA:111,0
DA:112,0
LF:67
LH:30
end_of_record
SF:lib/core/services/embedded_tool_resolver.dart
DA:7,5
DA:14,5
DA:28,7
DA:40,5
DA:41,6
DA:43,5
DA:46,5
DA:47,5
DA:49,5
DA:50,5
DA:53,5
DA:55,5
DA:58,5
DA:63,5
DA:69,3
DA:70,1
DA:73,2
DA:76,1
DA:82,1
DA:83,2
DA:87,3
DA:90,10
DA:91,5
DA:94,6
DA:97,10
DA:98,5
DA:100,5
DA:107,3
DA:109,3
DA:115,1
DA:117,1
DA:122,5
DA:127,5
DA:128,5
DA:129,5
DA:134,5
DA:135,10
DA:136,5
DA:137,5
DA:140,10
DA:141,5
DA:142,10
DA:143,10
DA:144,5
DA:145,5
DA:146,15
DA:153,1
DA:158,2
DA:160,1
DA:161,1
DA:162,1
DA:163,2
DA:164,1
DA:165,1
DA:168,2
DA:169,1
DA:170,2
DA:171,1
DA:172,1
DA:173,3
DA:179,5
DA:183,6
DA:184,5
DA:187,5
DA:188,2
DA:189,5
DA:190,5
DA:191,5
DA:192,5
DA:193,5
DA:197,5
DA:202,15
DA:203,5
DA:205,1
DA:206,0
DA:207,0
DA:208,0
DA:209,0
DA:211,2
DA:212,4
DA:215,5
DA:218,5
DA:219,10
DA:220,0
DA:222,10
DA:225,5
DA:226,16
DA:231,0
DA:233,1
DA:234,2
DA:237,2
DA:239,2
DA:240,1
DA:241,1
DA:242,1
DA:248,1
DA:252,0
DA:253,0
DA:257,1
DA:261,0
DA:262,0
LF:101
LH:91
end_of_record
SF:lib/core/services/ffmpeg_clip_executor.dart
DA:12,2
DA:24,1
DA:25,2
DA:26,3
DA:27,3
DA:31,3
DA:32,0
DA:33,0
DA:34,0
DA:35,0
DA:36,0
DA:37,0
DA:40,1
DA:41,1
DA:43,0
DA:44,0
DA:49,1
DA:55,2
DA:56,1
DA:57,3
DA:61,3
DA:62,2
DA:63,2
DA:64,1
DA:65,2
DA:67,2
DA:70,3
DA:71,1
DA:75,1
DA:77,2
DA:80,1
DA:82,2
DA:84,2
DA:85,1
DA:88,1
DA:90,4
DA:91,3
DA:92,1
DA:94,2
DA:97,2
DA:103,2
DA:106,2
DA:110,2
DA:117,1
DA:123,2
DA:124,2
DA:125,1
DA:126,2
DA:128,4
DA:129,3
DA:132,3
DA:133,1
DA:134,1
DA:136,1
DA:142,1
DA:143,1
DA:144,1
DA:147,1
DA:154,1
DA:155,1
DA:157,1
DA:162,1
DA:163,4
DA:164,1
DA:165,2
DA:166,2
DA:167,3
DA:170,2
DA:171,2
DA:172,2
DA:173,4
DA:174,2
DA:175,6
DA:176,8
DA:181,1
DA:185,0
DA:186,0
DA:189,0
DA:193,0
LF:79
LH:67
end_of_record
SF:lib/core/services/database_service.dart
DA:10,27
DA:12,18
DA:14,9
DA:18,9
DA:19,9
DA:22,9
DA:23,18
DA:24,0
DA:25,0
DA:28,0
DA:29,0
DA:30,0
DA:31,0
DA:32,0
DA:37,0
DA:38,0
DA:39,0
DA:40,0
DA:42,0
DA:43,0
DA:49,0
DA:50,0
DA:56,0
DA:66,0
DA:73,0
DA:74,0
DA:75,0
DA:78,0
DA:79,0
DA:80,0
DA:82,0
DA:83,0
DA:85,0
DA:86,0
DA:90,0
DA:91,0
DA:110,0
DA:113,0
DA:118,0
DA:119,0
DA:131,0
DA:132,0
DA:153,0
DA:165,0
DA:176,0
DA:186,0
DA:189,0
DA:192,0
DA:199,3
DA:200,3
DA:201,3
DA:202,12
DA:205,3
DA:206,3
DA:207,6
DA:208,3
DA:209,6
DA:210,6
DA:211,3
DA:212,6
DA:213,3
DA:214,6
DA:222,2
DA:223,2
DA:224,4
DA:225,2
DA:226,2
DA:227,2
DA:228,4
DA:229,2
DA:230,4
DA:234,2
DA:235,2
DA:236,2
DA:237,4
DA:238,4
DA:239,2
DA:240,2
DA:241,2
DA:242,4
DA:243,2
DA:244,4
DA:247,2
DA:250,1
DA:251,1
DA:252,2
DA:255,5
DA:256,5
DA:257,15
DA:258,5
DA:260,5
DA:264,5
DA:265,4
DA:266,4
DA:269,5
DA:272,2
DA:276,2
DA:277,4
DA:278,2
DA:283,1
DA:284,1
DA:285,2
DA:286,1
DA:287,1
DA:288,2
DA:289,2
DA:290,1
DA:291,2
DA:295,4
DA:296,4
DA:297,4
DA:298,5
DA:299,2
DA:300,1
DA:301,1
DA:302,2
DA:303,2
DA:304,1
DA:305,2
DA:308,4
DA:311,4
DA:314,4
DA:315,12
DA:316,4
DA:318,4
DA:322,4
DA:323,2
DA:324,2
DA:327,4
DA:330,4
DA:334,4
DA:335,4
DA:338,4
DA:340,4
DA:345,2
DA:349,2
DA:350,4
DA:351,2
DA:353,2
DA:355,2
DA:357,6
DA:358,2
DA:359,3
DA:360,1
DA:362,1
DA:365,1
DA:367,1
DA:370,1
DA:372,1
DA:376,2
DA:379,2
DA:381,4
DA:382,2
DA:387,4
DA:388,4
DA:389,4
DA:392,1
DA:396,4
DA:397,2
DA:398,2
DA:401,4
DA:404,2
DA:405,2
DA:406,2
DA:407,1
DA:410,2
DA:411,6
DA:412,2
DA:424,2
DA:427,2
DA:428,4
DA:429,4
DA:432,2
DA:435,2
DA:440,2
DA:441,2
DA:444,2
DA:447,2
DA:448,2
DA:449,6
DA:450,2
DA:451,4
DA:452,2
DA:456,2
DA:457,4
DA:458,4
DA:459,2
DA:460,2
DA:461,2
DA:462,2
DA:463,2
DA:464,2
DA:465,2
DA:466,2
DA:467,2
DA:468,2
DA:469,4
DA:470,4
DA:471,2
DA:472,2
DA:473,2
DA:474,4
DA:477,2
DA:480,4
DA:482,3
DA:483,2
DA:484,1
DA:485,1
DA:486,1
DA:487,1
DA:488,1
DA:489,2
DA:490,1
DA:491,2
DA:494,2
DA:497,4
DA:499,3
DA:500,2
DA:501,1
DA:502,1
DA:503,1
DA:504,1
DA:505,1
DA:506,2
DA:507,2
DA:510,4
DA:511,2
DA:512,2
DA:513,2
DA:514,8
DA:515,4
DA:516,4
DA:522,3
DA:523,3
DA:524,3
DA:526,3
DA:527,4
DA:528,4
DA:531,3
DA:534,2
DA:535,2
DA:536,2
DA:537,2
DA:538,4
DA:539,4
DA:540,2
DA:541,4
DA:544,2
LF:248
LH:207
end_of_record
SF:lib/core/services/process_yt_dlp_executor.dart
DA:17,5
DA:32,2
DA:33,3
DA:34,8
DA:35,3
DA:39,3
DA:40,0
DA:41,0
DA:42,0
DA:43,0
DA:44,0
DA:45,0
DA:46,0
DA:47,0
DA:52,2
DA:53,3
DA:56,1
DA:57,2
DA:58,4
DA:61,1
DA:64,0
DA:65,0
DA:66,0
DA:70,1
DA:78,1
DA:79,2
DA:80,2
DA:81,3
DA:82,1
DA:84,0
DA:86,2
DA:87,4
DA:91,2
DA:93,1
DA:95,1
DA:97,1
DA:98,1
DA:99,1
DA:100,2
DA:101,1
DA:102,1
DA:109,1
DA:110,1
DA:114,1
DA:115,1
DA:120,1
DA:121,1
DA:122,0
DA:123,0
DA:125,2
DA:127,2
DA:128,0
DA:129,0
DA:132,1
DA:133,2
DA:134,2
DA:135,1
DA:138,1
DA:141,1
DA:144,1
DA:146,2
DA:147,2
DA:150,1
DA:151,1
DA:152,1
DA:153,1
DA:154,1
DA:161,2
DA:169,4
DA:170,4
DA:171,4
DA:172,4
DA:173,2
DA:176,4
DA:178,2
DA:183,2
DA:187,2
DA:189,2
DA:190,2
DA:193,2
DA:195,2
DA:196,6
DA:197,6
DA:198,6
DA:199,8
DA:200,8
DA:208,4
DA:209,12
DA:212,4
DA:215,2
DA:217,4
DA:218,4
DA:223,4
DA:224,2
DA:225,2
DA:228,0
DA:230,0
DA:235,0
DA:238,0
DA:240,0
DA:241,0
DA:246,0
DA:247,0
DA:248,0
DA:249,0
DA:252,3
DA:254,12
DA:255,6
DA:256,0
DA:258,6
DA:259,6
DA:262,1
DA:263,1
DA:266,1
DA:267,0
DA:268,1
DA:273,2
DA:274,2
DA:275,4
DA:276,0
DA:293,2
DA:300,2
DA:306,2
DA:307,2
DA:308,2
DA:309,3
DA:310,3
DA:311,0
DA:312,2
DA:313,4
DA:314,2
DA:315,2
DA:316,2
DA:317,2
DA:318,2
DA:322,2
DA:327,2
DA:328,2
DA:333,2
DA:334,2
DA:339,2
DA:340,2
DA:344,5
DA:348,5
DA:349,4
DA:352,4
DA:354,4
DA:358,3
DA:359,1
DA:360,4
DA:361,2
DA:362,5
DA:365,2
DA:369,0
DA:371,0
DA:372,0
DA:373,0
DA:374,0
DA:375,0
DA:376,0
DA:377,0
DA:378,0
DA:381,0
DA:382,0
DA:387,0
DA:388,0
DA:389,0
DA:390,0
DA:391,0
DA:392,0
DA:393,0
DA:394,0
DA:399,0
DA:400,0
DA:402,0
DA:403,0
DA:404,0
DA:405,0
DA:406,0
DA:409,0
DA:410,0
DA:415,0
DA:419,2
DA:427,2
DA:429,6
DA:430,4
DA:438,6
DA:439,4
DA:440,1
DA:441,3
DA:444,4
DA:446,3
DA:447,1
DA:448,1
DA:449,4
DA:452,1
DA:453,2
DA:455,3
DA:456,1
DA:460,2
DA:461,2
DA:462,0
DA:463,0
DA:464,0
DA:465,0
DA:469,2
DA:473,1
DA:478,2
DA:480,1
DA:481,1
DA:485,1
DA:486,1
DA:490,2
DA:491,2
DA:493,3
DA:496,2
DA:497,1
DA:498,1
DA:499,2
DA:500,2
DA:501,2
DA:502,1
DA:503,1
DA:506,2
DA:507,2
DA:511,1
DA:513,1
DA:514,0
DA:515,2
DA:518,1
DA:519,1
DA:521,0
DA:523,2
DA:525,0
DA:527,0
DA:528,0
DA:529,0
DA:530,0
DA:533,1
DA:535,1
DA:544,1
DA:547,2
DA:548,2
DA:549,2
DA:550,1
DA:553,3
DA:555,0
DA:558,1
DA:567,1
DA:569,4
DA:571,0
DA:579,1
DA:587,4
DA:588,1
DA:589,1
DA:591,2
DA:592,1
DA:593,1
DA:594,1
DA:595,1
DA:596,1
DA:597,1
DA:607,2
DA:608,2
DA:609,1
DA:610,1
DA:611,2
DA:612,1
DA:613,1
DA:615,1
DA:616,0
DA:617,1
DA:619,1
DA:622,1
DA:623,1
DA:624,1
DA:633,2
DA:634,2
DA:635,2
DA:636,0
DA:637,0
DA:638,0
DA:644,0
DA:645,0
DA:646,0
DA:648,0
DA:649,0
DA:651,0
DA:652,0
DA:654,0
DA:661,2
DA:678,3
DA:681,1
DA:685,0
DA:686,0
DA:689,0
DA:693,0
LF:297
LH:209
end_of_record
SF:lib/core/services/embedded_tool_manifest.dart
DA:21,6
DA:31,6
DA:32,12
DA:33,6
DA:36,12
DA:39,6
DA:40,24
DA:44,6
DA:83,6
DA:87,12
DA:88,24
DA:93,1
DA:94,3
DA:100,1
DA:104,0
DA:105,0
LF:16
LH:14
end_of_record
SF:lib/core/services/yt_dlp_progress_parser.dart
DA:4,2
DA:22,0
DA:28,6
DA:40,6
DA:47,6
DA:53,6
DA:61,2
DA:63,4
DA:64,2
DA:65,2
DA:68,4
DA:70,1
DA:72,1
DA:73,2
DA:74,2
DA:75,2
DA:80,4
DA:82,1
DA:84,2
DA:85,2
DA:86,2
DA:87,2
DA:92,4
DA:94,1
DA:96,2
DA:101,4
DA:103,2
DA:105,2
DA:112,1
DA:113,2
DA:114,1
DA:117,1
DA:119,1
DA:120,1
DA:121,1
DA:122,2
LF:36
LH:35
end_of_record
SF:lib/core/services/yt_dlp_session.dart
DA:5,2
DA:7,2
DA:15,1
DA:16,1
DA:18,1
DA:22,2
DA:23,2
DA:24,2
DA:25,1
DA:26,3
DA:28,1
DA:29,1
DA:30,1
DA:32,2
DA:33,2
DA:34,2
DA:36,1
DA:41,2
DA:42,2
DA:43,1
DA:44,3
DA:46,1
DA:52,2
DA:53,2
DA:54,6
LF:25
LH:25
end_of_record
SF:lib/l10n/app_localizations_en.dart
DA:9,30
DA:11,5
DA:14,3
DA:17,5
DA:20,5
DA:23,5
DA:26,5
DA:29,5
DA:32,4
DA:35,4
DA:39,4
DA:42,4
DA:45,4
DA:48,4
DA:51,4
DA:55,4
DA:58,4
DA:62,4
DA:66,3
DA:69,4
DA:72,4
DA:75,4
DA:79,5
DA:82,1
DA:85,4
DA:88,4
DA:91,4
DA:94,3
DA:97,3
DA:101,0
DA:104,1
DA:107,1
DA:111,0
DA:114,0
DA:117,4
DA:120,4
DA:124,4
DA:127,4
DA:131,3
DA:133,3
DA:136,4
DA:139,4
DA:143,4
DA:146,4
DA:149,0
DA:153,4
DA:156,4
DA:160,4
DA:163,4
DA:167,4
DA:170,4
DA:173,4
DA:176,4
DA:179,4
DA:182,4
DA:186,4
DA:189,4
DA:192,4
DA:195,4
DA:198,1
DA:201,1
DA:203,1
DA:206,1
DA:209,4
DA:212,4
DA:216,4
DA:219,4
DA:222,4
DA:225,4
DA:228,4
DA:231,4
DA:234,0
DA:237,0
DA:239,0
DA:242,0
DA:245,0
DA:247,0
DA:250,0
DA:253,0
DA:256,0
DA:259,4
DA:262,4
DA:265,4
DA:268,4
DA:271,4
DA:274,4
DA:277,4
DA:280,4
DA:283,2
DA:286,1
DA:290,1
DA:293,1
DA:296,1
DA:299,1
DA:302,2
DA:305,1
DA:308,1
DA:311,0
DA:315,0
DA:317,0
DA:320,4
DA:323,3
DA:327,3
DA:330,2
DA:333,1
DA:336,3
DA:339,1
DA:342,1
DA:345,2
DA:348,1
DA:351,1
DA:354,1
DA:357,1
DA:360,4
DA:363,4
DA:366,4
DA:369,4
DA:373,4
DA:376,4
DA:380,4
DA:383,4
DA:387,4
DA:390,4
DA:393,4
DA:396,4
DA:400,4
DA:403,4
DA:407,4
DA:410,4
DA:414,4
DA:417,4
DA:421,4
DA:424,4
DA:428,4
DA:431,4
DA:435,4
DA:438,4
DA:442,4
DA:445,4
DA:448,4
DA:451,4
DA:455,4
DA:458,4
DA:462,1
DA:465,0
DA:468,0
DA:471,0
DA:474,0
DA:477,0
DA:479,0
DA:482,1
DA:484,1
DA:487,0
DA:489,0
DA:492,0
DA:495,3
DA:497,3
DA:500,3
DA:502,3
DA:505,2
DA:508,1
DA:511,1
DA:514,0
DA:517,0
DA:520,0
DA:522,0
DA:525,0
DA:528,1
DA:530,1
DA:533,1
DA:536,1
DA:539,0
DA:542,0
DA:545,0
DA:547,0
DA:550,1
DA:553,0
DA:556,4
DA:560,0
DA:563,0
DA:566,0
DA:569,1
DA:572,1
DA:575,1
DA:578,1
DA:580,1
DA:583,1
DA:587,1
DA:589,1
DA:592,1
DA:596,0
DA:599,1
DA:601,1
DA:604,0
DA:606,0
DA:609,1
DA:611,1
DA:614,0
DA:617,1
DA:620,0
DA:623,0
DA:626,1
DA:628,1
DA:631,0
DA:635,0
DA:637,0
DA:640,0
DA:642,0
DA:645,0
DA:647,0
DA:650,1
DA:652,1
DA:655,1
DA:657,1
DA:660,1
DA:662,1
DA:665,2
DA:668,2
DA:671,1
DA:673,1
DA:676,1
DA:678,1
DA:681,1
DA:684,1
DA:687,5
DA:690,4
DA:693,4
DA:697,4
DA:700,4
DA:703,4
DA:706,4
DA:709,4
DA:712,4
DA:715,4
DA:718,4
DA:721,4
DA:724,4
DA:728,4
DA:731,4
DA:735,4
DA:739,4
DA:742,1
DA:745,1
DA:748,4
DA:751,1
DA:755,4
DA:758,4
DA:761,4
DA:764,4
DA:767,4
DA:770,4
DA:773,4
DA:776,4
DA:779,1
DA:782,1
DA:786,1
DA:789,1
DA:793,1
DA:796,1
DA:800,4
DA:803,4
DA:807,4
DA:810,4
DA:814,4
DA:816,4
DA:819,4
DA:821,4
DA:824,4
DA:826,4
DA:829,4
DA:832,4
DA:836,1
DA:839,1
DA:842,1
DA:845,1
DA:848,1
DA:851,1
DA:854,1
DA:857,0
DA:860,4
DA:863,4
DA:866,4
DA:869,0
DA:871,0
LF:284
LH:230
end_of_record
SF:lib/l10n/app_localizations_zh.dart
DA:9,2
DA:11,1
DA:14,1
DA:17,1
DA:20,0
DA:23,1
DA:26,1
DA:29,1
DA:32,1
DA:35,0
DA:38,0
DA:41,0
DA:44,0
DA:47,0
DA:50,0
DA:53,1
DA:56,0
DA:59,1
DA:63,1
DA:66,1
DA:69,0
DA:72,0
DA:75,1
DA:78,1
DA:81,1
DA:84,0
DA:87,0
DA:90,0
DA:93,0
DA:96,1
DA:99,1
DA:102,0
DA:105,0
DA:108,1
DA:111,1
DA:114,0
DA:117,1
DA:120,0
DA:123,0
DA:125,0
DA:128,0
DA:131,0
DA:134,1
DA:137,1
DA:140,0
DA:144,0
DA:147,0
DA:150,0
DA:153,0
DA:156,0
DA:159,0
DA:162,0
DA:165,0
DA:168,1
DA:171,0
DA:174,0
DA:177,1
DA:180,0
DA:183,1
DA:186,0
DA:189,0
DA:191,0
DA:194,0
DA:197,0
DA:200,0
DA:203,0
DA:206,0
DA:209,0
DA:212,0
DA:215,0
DA:218,0
DA:221,0
DA:224,0
DA:226,0
DA:229,0
DA:232,0
DA:234,0
DA:237,0
DA:240,0
DA:243,0
DA:246,0
DA:249,0
DA:252,0
DA:255,0
DA:258,0
DA:261,1
DA:264,1
DA:267,0
DA:270,0
DA:273,0
DA:276,0
DA:279,0
DA:282,0
DA:285,0
DA:288,0
DA:291,0
DA:294,0
DA:297,0
DA:300,0
DA:302,0
DA:305,0
DA:308,0
DA:311,0
DA:314,0
DA:317,0
DA:320,0
DA:323,0
DA:326,0
DA:329,0
DA:332,0
DA:335,0
DA:338,0
DA:341,0
DA:344,0
DA:347,0
DA:350,0
DA:353,0
DA:356,0
DA:359,0
DA:362,0
DA:365,0
DA:368,0
DA:371,0
DA:374,0
DA:377,0
DA:380,0
DA:383,0
DA:386,0
DA:389,0
DA:392,0
DA:395,0
DA:398,0
DA:401,0
DA:404,0
DA:407,0
DA:411,0
DA:414,0
DA:418,0
DA:421,0
DA:424,0
DA:427,0
DA:430,0
DA:433,0
DA:436,0
DA:439,0
DA:442,0
DA:445,0
DA:448,0
DA:451,0
DA:453,0
DA:456,0
DA:458,0
DA:461,0
DA:463,0
DA:466,0
DA:469,0
DA:471,0
DA:474,1
DA:476,1
DA:479,0
DA:482,0
DA:485,0
DA:488,0
DA:491,0
DA:494,0
DA:496,0
DA:499,0
DA:502,0
DA:504,0
DA:507,0
DA:510,0
DA:513,0
DA:516,0
DA:519,0
DA:521,0
DA:524,0
DA:527,0
DA:530,0
DA:533,0
DA:536,0
DA:539,0
DA:542,0
DA:545,0
DA:548,0
DA:551,0
DA:553,0
DA:556,0
DA:559,0
DA:561,0
DA:564,0
DA:568,0
DA:571,0
DA:573,0
DA:576,0
DA:578,0
DA:581,0
DA:583,0
DA:586,0
DA:589,0
DA:592,0
DA:595,0
DA:598,0
DA:600,0
DA:603,0
DA:607,0
DA:609,0
DA:612,0
DA:614,0
DA:617,0
DA:619,0
DA:622,0
DA:624,0
DA:627,0
DA:629,0
DA:632,0
DA:634,0
DA:637,1
DA:640,1
DA:643,1
DA:645,1
DA:648,1
DA:650,1
DA:653,1
DA:656,0
DA:659,1
DA:662,0
DA:665,0
DA:668,0
DA:671,0
DA:674,0
DA:677,0
DA:680,0
DA:683,0
DA:686,0
DA:689,0
DA:692,0
DA:695,0
DA:699,0
DA:702,0
DA:705,0
DA:708,0
DA:711,0
DA:714,0
DA:717,0
DA:720,0
DA:723,0
DA:726,0
DA:729,0
DA:732,0
DA:735,0
DA:738,0
DA:741,0
DA:744,0
DA:747,0
DA:750,0
DA:754,0
DA:757,0
DA:760,0
DA:763,0
DA:767,1
DA:770,0
DA:773,1
DA:776,0
DA:779,0
DA:781,0
DA:784,0
DA:786,0
DA:789,0
DA:791,0
DA:794,0
DA:797,0
DA:800,0
DA:803,0
DA:806,0
DA:809,0
DA:812,0
DA:815,0
DA:818,0
DA:821,0
DA:824,0
DA:827,0
DA:830,0
DA:833,0
DA:835,0
LF:284
LH:39
end_of_record
SF:lib/core/controllers/settings_controller.dart
DA:9,5
DA:12,5
DA:20,10
DA:21,6
DA:23,1
DA:24,2
DA:26,2
DA:28,1
DA:29,1
DA:32,5
DA:33,10
DA:34,5
DA:35,5
DA:38,4
DA:39,12
DA:42,2
DA:43,6
DA:46,1
DA:47,3
DA:50,2
DA:51,6
DA:54,2
DA:55,6
DA:58,2
DA:59,6
DA:62,2
DA:63,6
DA:66,3
DA:67,9
DA:70,4
DA:71,12
DA:74,2
DA:75,6
DA:78,1
DA:79,3
DA:82,1
DA:83,3
DA:86,1
DA:87,3
DA:90,0
DA:91,0
DA:94,1
DA:95,1
DA:96,1
DA:97,1
DA:98,2
DA:100,1
DA:101,4
DA:106,1
DA:107,3
DA:110,1
DA:111,2
DA:112,4
DA:113,1
DA:114,3
DA:115,1
DA:116,2
DA:123,1
DA:124,1
DA:125,2
DA:126,1
DA:127,3
DA:131,1
DA:132,1
DA:133,2
DA:136,1
DA:137,1
DA:138,2
DA:141,1
DA:142,1
DA:143,2
DA:146,1
DA:147,1
DA:148,2
DA:151,1
DA:152,2
DA:154,1
DA:156,1
DA:160,1
DA:162,4
DA:163,3
DA:166,1
DA:168,1
DA:170,1
DA:171,2
DA:173,1
DA:179,1
DA:180,2
DA:181,3
DA:182,1
DA:183,1
DA:184,1
DA:185,0
DA:186,0
DA:187,0
DA:189,0
DA:192,5
DA:193,5
DA:195,1
DA:196,3
DA:197,0
LF:101
LH:94
end_of_record
SF:lib/core/services/settings_repository.dart
DA:5,2
DA:6,4
DA:7,2
DA:8,2
DA:10,6
DA:13,1
DA:16,2
DA:17,8
DA:20,0
LF:9
LH:8
end_of_record
SF:lib/core/services/ai_clip_analyzer_executor.dart
DA:10,4
DA:32,1
DA:38,2
DA:39,0
DA:42,1
DA:43,1
DA:46,1
DA:47,1
DA:48,1
DA:49,1
DA:50,1
DA:51,2
DA:52,0
DA:53,0
DA:60,1
DA:65,1
DA:66,1
DA:74,1
DA:79,2
DA:81,1
DA:83,1
DA:84,1
DA:92,1
DA:97,1
DA:98,1
DA:101,4
DA:102,1
DA:103,1
DA:104,1
DA:105,1
DA:106,1
DA:107,1
DA:108,1
DA:109,1
DA:110,1
DA:112,3
DA:113,2
DA:116,1
DA:121,4
DA:122,4
DA:123,1
DA:127,4
DA:128,3
DA:131,3
DA:132,0
DA:136,1
DA:137,0
DA:138,0
DA:140,0
DA:142,0
DA:149,1
DA:150,1
DA:151,1
DA:158,0
DA:159,0
DA:161,0
DA:167,1
DA:172,1
DA:173,1
DA:174,0
DA:175,0
DA:183,2
DA:185,1
DA:187,2
DA:189,1
DA:190,2
DA:191,3
DA:192,1
DA:193,3
DA:194,1
DA:195,3
DA:196,4
DA:197,0
DA:198,0
DA:201,0
DA:206,1
DA:207,1
DA:210,1
DA:211,1
DA:218,0
DA:219,0
DA:221,0
DA:225,1
DA:229,1
DA:234,1
DA:235,1
DA:236,2
DA:237,2
DA:238,2
DA:239,2
DA:240,3
DA:241,5
DA:242,1
DA:244,1
DA:245,3
DA:246,1
DA:250,1
DA:251,2
DA:253,2
DA:255,1
DA:256,2
DA:259,0
DA:260,0
DA:261,0
DA:265,1
DA:269,1
DA:271,1
DA:272,1
DA:273,0
DA:274,0
DA:275,1
DA:276,0
DA:277,1
DA:278,1
DA:279,0
DA:280,0
DA:281,0
DA:282,0
DA:283,3
DA:287,1
DA:291,2
DA:295,1
DA:296,2
DA:297,0
DA:298,0
DA:301,0
DA:302,0
DA:306,2
DA:307,0
DA:308,0
DA:309,0
DA:311,0
DA:312,0
DA:316,0
DA:322,1
DA:323,1
DA:325,1
DA:326,1
DA:327,1
DA:332,1
DA:337,1
DA:348,1
DA:349,1
DA:352,1
DA:353,2
DA:357,0
DA:359,0
DA:361,0
DA:362,0
DA:365,4
DA:367,16
DA:368,8
DA:369,0
DA:371,8
DA:374,1
DA:378,1
DA:379,1
DA:380,1
DA:383,4
DA:384,1
DA:385,1
DA:386,1
DA:390,4
DA:391,2
DA:392,1
DA:393,1
DA:394,1
DA:395,3
DA:396,6
DA:397,1
DA:398,1
DA:401,1
DA:402,2
DA:403,1
DA:404,1
DA:405,1
DA:406,3
DA:407,6
DA:408,1
DA:409,1
DA:412,1
DA:413,1
DA:415,1
DA:416,1
DA:417,1
DA:418,1
DA:419,1
DA:420,1
DA:421,1
DA:422,1
DA:423,1
DA:424,2
DA:425,2
DA:426,2
DA:427,1
DA:430,1
DA:432,1
DA:435,1
DA:436,2
DA:437,1
DA:440,2
DA:443,1
DA:444,1
DA:445,0
DA:447,1
DA:448,2
DA:449,1
DA:450,1
DA:451,1
DA:452,1
DA:453,1
DA:454,3
DA:455,1
DA:457,0
DA:458,0
DA:459,0
DA:460,0
DA:464,0
DA:465,0
DA:466,0
DA:467,0
DA:468,0
DA:469,0
DA:470,0
DA:476,0
DA:477,0
DA:478,0
DA:479,0
DA:480,0
DA:483,0
DA:484,0
DA:485,0
DA:486,0
DA:487,0
DA:488,0
DA:489,0
DA:490,0
DA:491,0
DA:492,0
DA:493,0
DA:502,1
DA:503,1
DA:504,1
DA:507,1
DA:509,2
DA:511,1
DA:512,1
DA:513,2
DA:514,2
DA:519,0
DA:521,0
DA:522,0
DA:523,0
DA:524,0
DA:525,0
DA:526,0
DA:527,0
DA:531,0
DA:532,0
DA:535,1
DA:540,1
DA:541,2
DA:542,0
DA:543,0
DA:547,1
DA:549,1
DA:550,1
DA:554,1
DA:555,1
DA:557,0
DA:558,0
DA:559,0
DA:560,0
DA:562,4
DA:566,1
DA:567,1
DA:568,1
DA:570,3
DA:571,1
DA:572,2
DA:576,1
DA:580,3
DA:581,1
DA:582,2
DA:583,1
DA:587,1
DA:589,3
DA:593,1
DA:597,4
DA:598,2
DA:600,1
DA:605,1
DA:611,0
DA:618,4
DA:619,2
DA:620,1
DA:621,2
DA:623,1
DA:624,1
DA:625,1
DA:627,0
DA:630,1
DA:632,1
DA:633,1
DA:634,1
DA:637,6
DA:638,1
DA:641,1
DA:647,1
DA:649,1
DA:650,1
DA:651,1
DA:653,1
DA:654,1
DA:655,4
DA:659,1
DA:661,1
DA:662,1
DA:663,1
DA:664,1
DA:665,1
DA:666,3
DA:668,3
DA:669,3
DA:671,1
DA:672,1
DA:673,0
DA:676,2
DA:680,1
DA:683,1
DA:685,3
DA:686,2
DA:687,4
DA:688,4
DA:689,1
DA:690,1
DA:695,1
DA:704,1
DA:708,0
DA:709,0
DA:712,0
DA:716,0
LF:342
LH:247
end_of_record
SF:lib/core/services/cookie_service.dart
DA:11,2
DA:12,4
DA:15,1
DA:16,2
DA:34,1
DA:36,2
DA:37,2
DA:40,0
DA:41,0
DA:42,0
DA:43,0
DA:44,0
DA:49,1
DA:56,1
DA:58,0
DA:61,0
DA:68,2
DA:76,0
DA:83,0
DA:86,0
DA:91,2
DA:92,2
DA:93,1
DA:94,1
DA:96,1
DA:100,0
DA:101,0
DA:102,0
DA:105,0
DA:108,0
DA:109,0
DA:112,0
DA:115,0
DA:118,0
DA:122,1
DA:123,2
DA:124,2
DA:128,1
DA:130,2
DA:134,0
DA:136,0
DA:137,0
DA:141,1
DA:148,1
DA:149,1
DA:150,2
DA:151,2
DA:155,1
DA:156,2
DA:159,1
DA:160,2
DA:161,2
DA:164,1
DA:165,2
DA:166,2
DA:170,1
DA:171,3
DA:172,2
DA:173,2
DA:176,1
DA:178,1
DA:192,3
DA:193,1
DA:194,2
DA:195,1
DA:196,1
DA:197,1
DA:199,1
DA:200,2
DA:202,1
DA:203,3
DA:205,1
DA:207,2
DA:208,1
DA:215,1
DA:216,0
DA:219,0
DA:224,2
DA:228,1
DA:229,2
DA:235,1
DA:237,1
DA:241,1
DA:244,1
DA:248,1
DA:249,2
DA:251,2
DA:252,2
DA:254,1
DA:257,2
DA:258,2
DA:259,2
DA:260,4
DA:263,2
DA:264,2
DA:265,2
DA:267,1
DA:268,2
DA:269,2
DA:270,2
DA:273,1
DA:274,2
DA:276,1
DA:277,2
DA:278,2
DA:279,1
DA:280,1
DA:281,1
DA:282,1
DA:283,1
DA:284,2
DA:285,1
DA:286,2
DA:288,1
DA:289,1
DA:301,1
DA:309,1
DA:327,5
DA:329,1
DA:330,2
DA:331,2
DA:332,3
DA:333,4
DA:334,4
DA:335,1
LF:125
LH:101
end_of_record
SF:lib/features/help/help_page.dart
DA:7,1
DA:9,4
DA:11,4
DA:13,4
DA:15,4
DA:16,20
DA:18,4
DA:19,4
DA:20,4
DA:21,4
DA:23,4
DA:24,12
DA:26,4
DA:27,4
DA:31,4
DA:32,4
DA:36,4
DA:37,4
DA:41,4
DA:42,4
DA:43,16
DA:44,12
DA:51,4
DA:52,4
DA:53,4
DA:54,4
DA:55,4
DA:56,16
DA:57,12
DA:62,4
DA:63,4
DA:64,4
DA:65,4
DA:67,4
DA:68,12
DA:69,12
DA:70,12
DA:75,4
DA:76,4
DA:77,4
DA:78,4
DA:80,4
DA:81,4
DA:82,4
DA:83,4
DA:86,4
DA:87,4
DA:88,4
DA:91,4
DA:92,4
DA:93,4
DA:99,4
DA:100,4
DA:101,4
DA:102,4
DA:104,4
DA:105,12
DA:107,12
DA:109,12
DA:114,4
DA:115,4
DA:116,4
DA:117,4
DA:119,4
DA:120,12
DA:122,12
DA:132,4
DA:137,1
DA:139,1
DA:141,1
DA:143,1
DA:144,1
DA:146,2
DA:149,1
DA:150,1
DA:152,1
DA:153,5
DA:155,6
DA:156,3
DA:168,4
DA:172,1
DA:174,1
DA:176,1
DA:178,1
DA:179,1
DA:181,1
DA:182,5
DA:183,6
DA:184,3
DA:195,4
DA:199,4
DA:201,4
DA:203,4
DA:204,20
DA:206,24
DA:207,12
LF:96
LH:96
end_of_record
SF:lib/shared/widgets/section_card.dart
DA:4,9
DA:17,9
DA:19,9
DA:20,9
DA:21,9
DA:23,9
DA:26,9
DA:27,45
DA:29,45
DA:31,9
LF:10
LH:10
end_of_record
SF:lib/features/clips/clip_library_page.dart
DA:11,4
DA:15,4
DA:16,4
DA:24,4
DA:26,4
DA:27,16
DA:28,16
DA:31,4
DA:33,16
DA:34,8
DA:35,4
DA:38,4
DA:39,16
DA:40,24
DA:42,0
DA:46,1
DA:47,3
DA:48,3
DA:49,1
DA:50,2
DA:51,1
DA:52,1
DA:56,4
DA:58,4
DA:59,16
DA:60,16
DA:62,4
DA:64,4
DA:65,20
DA:67,4
DA:68,4
DA:69,4
DA:70,4
DA:72,4
DA:73,4
DA:75,4
DA:76,4
DA:77,4
DA:78,4
DA:80,4
DA:91,4
DA:94,4
DA:97,4
DA:98,4
DA:100,8
DA:102,4
DA:104,8
DA:106,4
DA:108,16
DA:116,8
DA:117,4
DA:118,4
DA:119,4
DA:123,2
DA:124,2
DA:131,1
DA:136,3
DA:137,4
DA:138,3
DA:139,1
DA:143,3
DA:148,1
DA:158,1
DA:160,1
DA:161,1
DA:162,6
DA:164,1
DA:165,1
DA:167,1
DA:169,1
DA:170,1
DA:171,1
DA:174,1
DA:175,1
DA:176,2
DA:179,2
DA:182,1
DA:183,7
DA:184,2
DA:189,5
DA:191,1
DA:192,4
DA:193,3
DA:194,2
DA:197,2
DA:199,1
DA:200,2
DA:203,3
DA:204,2
DA:208,1
DA:209,1
DA:212,1
DA:213,1
DA:214,1
DA:215,6
DA:218,3
DA:219,2
DA:220,3
DA:221,3
DA:224,1
DA:225,1
DA:228,1
DA:229,1
DA:230,0
DA:231,2
DA:233,1
DA:234,4
DA:235,2
DA:237,1
DA:238,0
DA:239,2
DA:241,1
DA:242,0
DA:243,2
DA:253,1
DA:254,1
DA:255,1
DA:256,1
DA:257,3
LF:119
LH:115
end_of_record
SF:lib/features/downloads/downloads_page.dart
DA:9,4
DA:13,4
DA:15,4
DA:16,4
DA:17,4
DA:18,4
DA:19,8
DA:21,4
DA:23,4
DA:24,4
DA:25,4
DA:26,12
DA:29,4
DA:30,4
DA:31,4
DA:32,4
DA:33,4
DA:34,4
DA:36,4
DA:37,4
DA:38,4
DA:41,12
DA:44,4
DA:45,4
DA:46,12
DA:47,4
DA:48,4
DA:50,8
DA:54,4
DA:55,4
DA:56,12
DA:57,4
DA:58,4
DA:60,8
DA:69,6
DA:70,6
DA:81,3
DA:86,3
DA:87,3
DA:93,3
DA:95,3
DA:96,6
DA:97,3
DA:98,6
DA:99,3
DA:100,12
DA:101,3
DA:102,3
DA:103,12
DA:104,3
DA:105,3
DA:106,12
DA:107,3
DA:108,3
DA:109,12
DA:110,3
DA:111,3
DA:112,12
DA:113,3
DA:115,9
DA:116,3
DA:118,15
DA:119,3
DA:120,1
DA:121,0
DA:122,0
DA:123,0
DA:124,3
DA:126,1
DA:127,1
DA:130,3
DA:131,6
DA:132,3
DA:133,9
DA:134,5
DA:135,9
DA:136,5
DA:137,5
DA:138,3
DA:139,1
DA:140,3
DA:141,3
DA:143,3
DA:144,3
DA:145,3
DA:146,3
DA:147,3
DA:148,3
DA:149,3
DA:151,6
DA:157,3
DA:159,3
DA:161,3
DA:163,1
DA:171,3
DA:172,6
DA:173,6
DA:180,6
DA:182,3
DA:183,3
DA:186,1
DA:187,0
DA:188,1
DA:189,2
DA:198,3
DA:199,6
DA:200,0
DA:205,3
DA:210,3
DA:212,3
DA:213,3
DA:214,12
DA:215,9
DA:216,9
DA:218,3
DA:221,1
DA:222,1
DA:223,1
DA:226,3
DA:231,1
DA:232,3
DA:236,1
DA:241,1
DA:242,1
DA:243,1
DA:244,2
DA:246,1
DA:247,1
DA:248,3
DA:251,3
DA:252,1
DA:256,1
DA:258,1
DA:259,1
DA:260,1
DA:262,1
DA:263,1
DA:272,3
DA:277,3
DA:284,3
DA:285,3
DA:286,3
DA:287,3
DA:288,9
DA:290,3
DA:291,3
DA:292,6
DA:295,6
DA:298,3
DA:300,3
DA:302,3
DA:303,8
DA:304,2
DA:305,2
DA:306,4
DA:315,3
DA:316,9
DA:317,3
DA:320,3
DA:327,9
DA:331,3
DA:332,3
DA:333,3
DA:336,3
DA:343,3
DA:344,3
DA:345,10
DA:346,1
DA:347,7
DA:348,4
DA:351,3
DA:352,5
DA:353,6
DA:356,3
DA:358,6
DA:359,3
DA:360,5
DA:364,3
DA:365,0
DA:369,2
DA:370,1
DA:371,5
DA:375,1
DA:376,0
DA:380,1
DA:381,0
DA:382,0
DA:386,2
DA:387,1
DA:388,0
DA:392,2
DA:393,1
DA:394,5
DA:402,3
DA:404,3
DA:405,3
DA:406,3
DA:407,3
DA:408,6
DA:411,3
DA:413,2
DA:416,1
DA:418,2
DA:423,1
DA:424,3
DA:430,3
LF:206
LH:196
end_of_record
SF:lib/features/history/history_page.dart
DA:11,4
DA:15,4
DA:17,4
DA:19,4
DA:20,4
DA:21,4
DA:22,8
DA:23,8
DA:24,8
DA:26,4
DA:28,4
DA:29,20
DA:30,13
DA:32,3
DA:33,3
DA:34,3
DA:35,3
DA:36,3
DA:38,3
DA:39,3
DA:40,3
DA:41,9
DA:43,6
DA:44,12
DA:45,9
DA:52,1
DA:54,1
DA:55,1
DA:56,1
DA:58,1
DA:63,1
DA:64,1
DA:65,1
DA:67,1
DA:69,3
DA:72,1
DA:73,1
DA:74,1
DA:76,1
DA:78,3
DA:89,1
DA:101,1
DA:103,1
DA:105,1
DA:106,4
DA:107,4
DA:108,2
DA:109,1
DA:111,1
DA:112,1
DA:113,4
DA:115,2
DA:116,4
DA:117,3
DA:122,2
DA:123,1
DA:124,4
DA:131,1
DA:141,1
DA:143,1
DA:144,1
DA:146,1
DA:147,1
DA:149,1
DA:151,1
DA:152,2
DA:153,3
DA:155,6
DA:157,1
DA:158,4
DA:162,2
DA:166,4
DA:167,5
DA:168,4
DA:170,1
DA:172,1
DA:173,3
DA:174,1
DA:176,1
DA:178,1
DA:179,3
DA:181,1
DA:182,1
DA:183,4
DA:184,2
DA:185,0
DA:188,3
DA:189,2
DA:197,1
DA:198,2
DA:199,3
DA:200,1
DA:201,5
DA:203,2
DA:205,3
DA:206,1
DA:207,0
DA:209,2
DA:211,1
DA:212,0
DA:214,2
DA:215,1
DA:224,1
DA:225,2
DA:226,0
DA:229,1
DA:231,2
DA:232,2
DA:233,2
DA:239,0
DA:245,0
DA:247,0
DA:248,0
DA:249,0
DA:250,0
DA:251,0
DA:252,0
DA:253,0
DA:255,0
DA:256,0
DA:257,0
DA:258,0
DA:260,0
DA:266,0
DA:268,0
DA:269,0
DA:270,0
DA:271,0
LF:128
LH:105
end_of_record
SF:lib/features/home/home_page.dart
DA:10,4
DA:17,4
DA:18,4
DA:35,4
DA:37,8
DA:38,4
DA:41,3
DA:42,15
DA:43,6
DA:44,3
DA:45,3
DA:46,12
DA:48,9
DA:49,3
DA:50,6
DA:51,12
DA:52,5
DA:53,3
DA:55,4
DA:57,4
DA:58,12
DA:59,15
DA:62,4
DA:64,4
DA:65,4
DA:66,4
DA:67,12
DA:70,4
DA:71,4
DA:72,4
DA:73,4
DA:75,4
DA:76,4
DA:77,4
DA:78,4
DA:79,4
DA:81,4
DA:83,6
DA:84,0
DA:87,4
DA:89,4
DA:90,8
DA:91,4
DA:97,13
DA:104,6
DA:106,0
DA:108,0
DA:109,0
DA:110,0
DA:111,0
DA:112,0
DA:115,0
DA:117,0
DA:118,0
DA:123,0
DA:124,0
DA:127,0
DA:128,0
DA:129,0
DA:132,0
DA:135,0
DA:137,0
DA:143,0
DA:144,0
DA:145,0
DA:147,0
DA:148,0
DA:149,0
DA:154,0
DA:155,0
DA:156,0
DA:159,0
DA:161,0
DA:174,7
DA:176,3
DA:177,3
DA:178,3
DA:180,3
DA:181,3
DA:188,3
DA:189,3
DA:190,3
DA:191,9
DA:199,11
DA:201,3
DA:202,0
DA:204,0
DA:205,0
DA:208,0
DA:209,0
DA:210,0
DA:213,0
DA:216,0
DA:217,0
DA:219,0
DA:220,0
DA:225,6
DA:226,3
DA:227,3
DA:229,3
DA:230,3
DA:231,3
DA:235,6
DA:237,0
DA:238,0
DA:240,0
DA:241,0
DA:242,0
DA:246,7
DA:248,1
DA:249,1
DA:251,1
DA:252,1
DA:253,1
DA:257,3
DA:258,3
DA:260,3
DA:261,12
DA:262,3
DA:268,3
DA:269,3
DA:270,0
DA:271,9
DA:275,12
DA:277,4
DA:278,4
DA:279,4
DA:280,8
DA:287,3
DA:288,6
DA:289,6
DA:290,0
DA:292,6
DA:297,0
DA:298,0
DA:299,0
DA:300,0
DA:306,0
DA:311,3
DA:312,3
DA:314,6
DA:315,6
DA:316,6
DA:317,3
DA:318,3
DA:319,3
DA:320,6
DA:321,3
DA:322,3
DA:323,6
DA:326,9
DA:329,0
DA:330,0
DA:331,0
DA:332,0
DA:333,0
DA:338,3
DA:339,6
DA:340,15
DA:343,9
DA:344,6
DA:345,3
DA:346,12
DA:347,12
DA:348,3
DA:351,3
DA:352,1
DA:353,2
DA:354,5
DA:357,2
DA:358,3
DA:361,9
DA:362,6
DA:363,3
DA:369,3
DA:370,6
DA:371,3
DA:372,15
DA:373,3
DA:374,3
DA:375,6
DA:376,3
DA:377,3
DA:380,9
DA:381,12
DA:383,3
DA:385,9
DA:387,0
DA:388,0
DA:389,0
DA:392,3
DA:393,6
DA:394,3
DA:400,3
DA:401,6
DA:402,9
DA:403,3
DA:404,3
DA:405,0
DA:406,0
DA:413,3
DA:414,12
DA:415,2
DA:416,2
DA:417,1
DA:418,1
DA:419,2
DA:420,1
DA:421,1
DA:422,1
DA:423,1
DA:429,3
DA:446,3
DA:448,3
DA:449,12
DA:450,11
DA:451,3
DA:452,12
DA:454,3
DA:455,3
DA:456,3
DA:457,3
DA:459,9
DA:460,12
DA:461,6
DA:462,3
DA:463,3
DA:467,3
LF:228
LH:166
end_of_record
SF:lib/app/app_shell.dart
DA:29,2
DA:34,3
DA:35,3
DA:47,3
DA:49,3
DA:50,6
DA:51,6
DA:53,2
DA:54,1
DA:56,3
DA:57,2
DA:59,9
DA:60,18
DA:61,6
DA:62,3
DA:63,0
DA:64,3
DA:66,3
DA:67,6
DA:68,3
DA:69,3
DA:70,0
DA:72,3
DA:73,0
DA:74,3
DA:75,3
DA:77,9
DA:78,9
DA:81,1
DA:82,2
DA:83,3
DA:86,2
DA:89,3
DA:91,9
DA:92,6
DA:93,6
DA:94,6
DA:95,3
DA:98,3
DA:100,3
DA:101,3
DA:102,3
DA:103,4
DA:105,6
DA:106,6
DA:107,6
DA:108,6
DA:112,3
DA:114,3
DA:115,3
DA:116,0
DA:117,3
DA:118,3
DA:119,3
DA:120,3
DA:121,3
DA:122,6
DA:123,3
DA:124,6
DA:125,6
DA:129,3
DA:131,3
DA:132,3
DA:133,3
DA:134,3
DA:135,3
DA:140,3
DA:141,3
DA:144,6
DA:146,3
DA:149,6
DA:151,3
DA:154,6
DA:156,3
DA:159,6
DA:161,3
DA:164,6
DA:166,3
DA:169,6
DA:174,3
DA:175,9
DA:184,2
DA:185,4
DA:186,2
DA:188,8
DA:191,0
DA:192,0
DA:193,0
DA:194,0
DA:196,0
DA:197,0
DA:198,0
DA:199,0
DA:200,0
DA:202,0
DA:203,0
DA:209,3
DA:210,3
DA:211,6
DA:212,9
DA:213,3
DA:216,3
DA:217,9
DA:218,12
DA:221,6
DA:225,3
DA:226,6
DA:227,3
DA:228,3
DA:230,3
DA:231,3
DA:232,3
DA:233,6
DA:234,3
DA:236,3
DA:239,3
DA:240,3
DA:241,3
DA:242,6
DA:245,3
DA:246,3
DA:247,9
DA:248,6
DA:254,3
DA:255,3
DA:256,2
DA:257,4
DA:258,4
DA:260,6
LF:129
LH:114
end_of_record
SF:lib/features/settings/settings_page.dart
DA:14,4
DA:18,4
DA:19,4
DA:36,4
DA:38,4
DA:39,12
DA:40,12
DA:41,12
DA:42,12
DA:43,12
DA:44,12
DA:45,4
DA:46,9
DA:47,8
DA:48,1
DA:50,9
DA:51,9
DA:52,16
DA:55,4
DA:57,16
DA:58,8
DA:59,8
DA:60,8
DA:61,8
DA:62,8
DA:63,8
DA:64,8
DA:65,8
DA:66,8
DA:67,4
DA:70,4
DA:71,12
DA:72,12
DA:73,12
DA:74,12
DA:75,12
DA:76,12
DA:77,4
DA:78,8
DA:79,8
DA:80,8
DA:81,8
DA:82,4
DA:85,4
DA:86,8
DA:87,1
DA:96,4
DA:97,4
DA:100,4
DA:103,4
DA:104,4
DA:105,4
DA:107,8
DA:112,4
DA:114,8
DA:115,8
DA:116,8
DA:117,8
DA:118,8
DA:119,8
DA:120,8
DA:121,8
DA:125,4
DA:127,4
DA:128,8
DA:129,4
DA:130,4
DA:131,12
DA:132,4
DA:134,8
DA:136,4
DA:138,4
DA:139,4
DA:140,4
DA:141,8
DA:143,4
DA:145,4
DA:146,4
DA:147,4
DA:148,12
DA:151,4
DA:153,4
DA:154,4
DA:156,8
DA:162,1
DA:163,1
DA:164,1
DA:165,1
DA:166,1
DA:167,3
DA:170,1
DA:171,1
DA:173,2
DA:180,4
DA:181,4
DA:182,4
DA:183,4
DA:185,4
DA:186,4
DA:188,4
DA:189,4
DA:190,4
DA:192,4
DA:194,4
DA:195,4
DA:198,12
DA:201,4
DA:203,4
DA:204,4
DA:207,4
DA:208,4
DA:233,1
DA:235,3
DA:236,2
DA:241,4
DA:243,4
DA:245,8
DA:247,4
DA:248,4
DA:249,4
DA:252,1
DA:253,1
DA:255,3
DA:266,4
DA:267,4
DA:268,4
DA:269,4
DA:271,4
DA:272,4
DA:274,4
DA:275,4
DA:276,4
DA:277,4
DA:279,4
DA:281,4
DA:282,0
DA:285,12
DA:288,4
DA:290,4
DA:291,4
DA:292,4
DA:293,4
DA:295,4
DA:297,4
DA:298,0
DA:301,12
DA:307,4
DA:308,4
DA:309,4
DA:310,4
DA:312,4
DA:313,4
DA:315,4
DA:317,4
DA:318,4
DA:321,4
DA:322,4
DA:324,8
DA:326,4
DA:328,8
DA:330,4
DA:332,8
DA:335,0
DA:337,0
DA:342,4
DA:344,4
DA:346,4
DA:347,4
DA:350,4
DA:351,4
DA:353,8
DA:355,4
DA:357,8
DA:359,4
DA:361,8
DA:364,0
DA:366,0
DA:371,4
DA:373,4
DA:375,8
DA:377,4
DA:378,4
DA:379,4
DA:382,12
DA:385,4
DA:386,4
DA:387,8
DA:388,4
DA:389,4
DA:390,8
DA:392,1
DA:394,4
DA:395,4
DA:396,4
DA:399,4
DA:400,4
DA:401,1
DA:402,1
DA:403,2
DA:407,0
DA:409,0
DA:417,4
DA:419,4
DA:421,4
DA:422,4
DA:425,4
DA:427,0
DA:429,0
DA:430,0
DA:436,4
DA:438,0
DA:439,0
DA:443,8
DA:447,4
DA:449,4
DA:454,4
DA:462,1
DA:464,1
DA:465,1
DA:467,1
DA:469,1
DA:477,4
DA:479,4
DA:480,4
DA:481,12
DA:483,1
DA:485,1
DA:486,3
DA:487,1
DA:489,1
DA:490,1
DA:491,1
DA:494,1
DA:496,0
DA:498,0
DA:506,1
DA:508,1
DA:510,1
DA:511,1
DA:514,3
DA:517,1
DA:519,1
DA:521,1
DA:522,1
DA:523,1
DA:526,3
DA:529,1
DA:531,1
DA:533,1
DA:534,1
DA:535,1
DA:538,3
DA:541,1
DA:543,1
DA:546,1
DA:547,1
DA:548,1
DA:551,3
DA:554,1
DA:556,1
DA:558,0
DA:559,0
DA:563,2
DA:572,4
DA:573,4
DA:574,4
DA:575,4
DA:578,4
DA:579,4
DA:580,4
DA:581,4
DA:583,4
DA:584,4
DA:587,4
DA:589,4
DA:590,4
DA:593,4
DA:594,4
DA:596,4
DA:597,4
DA:602,4
DA:604,4
DA:605,4
DA:610,4
DA:612,4
DA:613,4
DA:619,0
DA:621,0
DA:626,4
DA:627,4
DA:628,8
DA:629,12
DA:635,4
DA:636,4
DA:637,4
DA:638,4
DA:639,4
DA:640,4
DA:642,8
DA:643,8
DA:644,4
DA:645,12
DA:647,4
DA:649,8
DA:650,8
DA:651,4
DA:652,12
DA:659,4
DA:662,4
DA:663,4
DA:675,0
DA:677,0
DA:678,0
DA:679,0
DA:686,4
DA:687,4
DA:688,4
DA:689,0
DA:690,0
DA:691,0
DA:695,4
DA:703,4
DA:704,16
DA:707,0
DA:710,0
DA:711,0
DA:712,0
DA:713,0
DA:717,4
DA:718,8
DA:719,0
DA:720,0
DA:721,0
DA:723,8
DA:724,4
DA:727,4
DA:728,4
DA:729,4
DA:731,16
DA:732,16
DA:733,4
DA:735,4
DA:736,4
DA:737,4
DA:741,16
DA:742,16
DA:745,4
DA:746,4
DA:747,4
DA:748,20
DA:750,16
DA:751,16
DA:756,4
DA:757,4
DA:758,8
DA:766,4
DA:767,4
DA:768,4
DA:770,4
DA:772,4
DA:773,4
DA:776,8
DA:778,0
DA:779,0
DA:780,0
DA:785,4
DA:786,16
DA:787,16
DA:789,4
DA:791,4
DA:795,8
DA:797,0
DA:798,0
DA:799,0
DA:804,4
DA:805,12
DA:806,16
DA:808,4
DA:810,8
DA:814,8
DA:816,0
DA:817,0
DA:818,0
DA:823,4
DA:824,12
DA:825,16
DA:827,4
DA:829,8
DA:833,8
DA:835,0
DA:836,0
DA:837,0
DA:843,4
DA:844,4
DA:845,4
DA:846,4
DA:848,8
DA:851,4
DA:852,4
DA:856,0
DA:857,0
DA:859,0
DA:860,0
DA:867,4
DA:868,4
DA:870,8
DA:873,4
DA:874,4
DA:878,0
DA:879,0
DA:881,0
DA:882,0
DA:894,0
DA:895,0
DA:896,0
DA:897,0
DA:900,0
DA:903,0
DA:904,0
DA:905,0
DA:906,0
DA:907,0
DA:913,0
DA:914,0
DA:917,0
DA:919,0
DA:920,0
DA:928,0
DA:930,0
DA:937,0
DA:939,0
DA:940,0
DA:941,0
DA:942,0
DA:951,0
DA:957,0
DA:958,0
DA:960,0
DA:961,0
DA:962,0
DA:965,0
DA:966,0
DA:967,0
DA:968,0
DA:971,0
DA:972,0
DA:973,0
DA:977,0
DA:978,0
DA:991,0
DA:992,0
DA:993,0
DA:999,0
DA:1000,0
DA:1001,0
DA:1002,0
DA:1006,0
DA:1009,0
DA:1010,0
DA:1011,0
DA:1012,0
DA:1013,0
DA:1014,0
DA:1015,0
DA:1022,0
DA:1023,0
DA:1024,0
DA:1025,0
DA:1026,0
DA:1027,0
DA:1028,0
DA:1031,0
DA:1032,0
DA:1035,0
DA:1036,0
DA:1038,0
DA:1041,0
DA:1043,0
DA:1044,0
DA:1045,0
DA:1046,0
DA:1047,0
DA:1052,0
DA:1053,0
DA:1054,0
DA:1056,0
DA:1058,0
DA:1059,0
DA:1060,0
DA:1061,0
DA:1062,0
DA:1063,0
DA:1065,0
DA:1073,4
DA:1087,1
DA:1088,1
DA:1116,1
DA:1118,2
DA:1119,1
DA:1122,1
DA:1123,6
DA:1125,1
DA:1126,5
DA:1128,0
DA:1129,0
DA:1130,0
DA:1132,0
DA:1134,0
DA:1138,1
DA:1140,1
DA:1141,1
DA:1142,1
DA:1143,1
DA:1144,1
DA:1146,1
DA:1148,1
DA:1149,1
DA:1150,2
DA:1151,1
DA:1152,1
DA:1154,1
DA:1155,1
DA:1166,0
DA:1167,0
DA:1170,1
DA:1171,1
DA:1172,1
DA:1173,1
DA:1174,1
DA:1178,0
DA:1180,1
DA:1182,1
DA:1183,1
DA:1190,3
DA:1194,1
DA:1196,1
DA:1201,1
DA:1209,1
DA:1210,1
DA:1211,1
DA:1213,1
DA:1215,1
DA:1216,1
DA:1217,1
DA:1228,3
DA:1230,1
DA:1231,1
DA:1232,3
DA:1235,1
DA:1238,1
DA:1239,1
DA:1240,1
DA:1241,2
DA:1242,1
DA:1243,0
DA:1250,4
DA:1253,2
DA:1254,1
DA:1256,0
DA:1257,0
DA:1266,1
DA:1267,2
DA:1270,1
DA:1273,2
DA:1276,1
DA:1279,1
DA:1282,1
DA:1285,1
DA:1288,1
DA:1291,1
DA:1294,1
DA:1297,1
DA:1300,2
DA:1306,1
DA:1308,1
DA:1309,1
DA:1310,0
DA:1311,0
DA:1312,0
DA:1317,1
DA:1319,1
DA:1320,1
DA:1321,0
DA:1322,0
DA:1323,0
DA:1329,1
DA:1339,1
DA:1340,1
DA:1347,1
DA:1348,6
DA:1351,1
DA:1353,1
DA:1354,1
DA:1355,1
DA:1356,4
DA:1357,4
DA:1359,1
DA:1361,1
DA:1362,1
DA:1364,1
DA:1365,1
DA:1366,3
DA:1369,1
DA:1370,1
DA:1371,1
DA:1373,1
DA:1374,6
DA:1375,1
DA:1379,1
DA:1381,1
DA:1382,1
DA:1383,1
DA:1384,1
DA:1387,1
DA:1388,0
DA:1390,1
DA:1392,1
DA:1393,2
DA:1395,1
DA:1397,1
DA:1398,2
DA:1403,1
DA:1404,0
DA:1406,0
DA:1408,0
DA:1411,0
DA:1412,0
DA:1413,0
DA:1414,0
DA:1419,0
DA:1420,0
DA:1421,0
DA:1423,0
DA:1424,0
DA:1425,0
DA:1428,0
DA:1429,0
DA:1434,0
DA:1435,0
DA:1436,0
DA:1445,0
DA:1446,0
DA:1447,0
DA:1449,0
DA:1458,0
DA:1459,0
DA:1460,0
DA:1461,0
DA:1473,4
DA:1483,1
DA:1485,1
DA:1486,1
DA:1487,1
DA:1488,1
DA:1489,1
DA:1490,2
DA:1491,1
DA:1494,1
DA:1495,1
DA:1496,1
DA:1497,1
DA:1498,2
DA:1502,2
DA:1503,1
DA:1506,1
DA:1508,3
LF:666
LH:487
end_of_record
SF:lib/shared/widgets/debug_log_overlay.dart
DA:7,4
DA:18,4
DA:19,4
DA:27,3
DA:29,3
DA:30,12
DA:31,0
DA:32,0
DA:34,0
DA:39,0
DA:40,0
DA:41,0
DA:42,0
DA:43,0
DA:49,4
DA:51,12
DA:52,8
DA:53,4
DA:56,1
DA:58,1
DA:59,1
DA:60,1
DA:61,1
DA:65,4
DA:67,16
DA:69,1
DA:70,1
DA:71,3
DA:73,1
DA:75,0
DA:76,0
DA:77,0
DA:80,1
DA:82,3
DA:83,1
DA:84,1
DA:87,1
DA:88,3
DA:89,1
DA:96,1
DA:97,1
DA:98,2
DA:104,1
DA:105,2
DA:106,2
DA:108,1
DA:109,1
DA:110,1
DA:111,2
DA:112,1
DA:113,1
DA:115,1
DA:117,2
DA:118,1
DA:119,1
DA:122,1
DA:123,2
DA:124,2
DA:127,3
DA:129,1
DA:131,0
DA:132,0
DA:133,0
DA:134,0
DA:135,0
DA:136,0
DA:137,0
DA:138,0
DA:139,0
DA:148,1
DA:149,1
DA:150,1
DA:153,0
DA:154,0
DA:155,1
DA:162,1
DA:164,3
DA:172,1
DA:174,2
DA:185,1
DA:186,1
DA:187,1
DA:188,1
DA:189,4
DA:190,3
DA:191,2
DA:195,1
DA:196,1
DA:197,1
DA:198,1
DA:199,1
DA:200,1
DA:201,2
DA:202,4
DA:203,3
DA:204,1
DA:205,1
DA:210,1
DA:212,3
DA:213,2
DA:229,1
DA:230,1
DA:232,1
DA:233,2
DA:234,1
DA:236,1
DA:237,2
DA:238,2
DA:243,1
DA:244,4
DA:245,3
DA:246,3
LF:112
LH:90
end_of_record
SF:lib/app/hiext_yt_app.dart
DA:9,1
DA:11,1
DA:12,1
DA:16,1
DA:18,1
DA:19,2
DA:22,1
DA:24,2
DA:25,1
DA:28,0
DA:30,0
DA:33,1
DA:35,1
DA:38,1
DA:39,1
LF:15
LH:13
end_of_record
